{
  "RSpec": {
    "coverage": {
      "/Users/kyleswaffield/sei/rspec/contact/spec/button_last_row_spec.rb": {
        "lines": [
          1,
          1,
          null,
          1,
          1,
          2,
          null,
          2,
          null
        ]
      },
      "/Users/kyleswaffield/sei/rspec/contact/lib/button_last_row.rb": {
        "lines": [
          1,
          null,
          1,
          1,
          1,
          8,
          null,
          null,
          1,
          8,
          8,
          8,
          8,
          8,
          8,
          null,
          null
        ]
      },
      "/Users/kyleswaffield/sei/rspec/contact/lib/button.rb": {
        "lines": [
          1,
          1,
          1,
          124,
          null,
          92,
          92,
          null,
          32,
          32,
          null,
          null,
          null,
          1,
          124,
          124,
          32,
          null,
          null,
          null,
          1,
          124,
          null,
          null
        ]
      },
      "/Users/kyleswaffield/sei/rspec/contact/spec/context_spec.rb": {
        "lines": [
          1,
          1,
          null,
          1,
          null,
          8,
          null,
          null,
          null,
          null,
          null,
          null,
          null,
          null,
          null,
          null,
          null,
          null,
          null,
          null,
          null,
          null,
          null,
          null,
          null,
          null,
          null,
          null,
          null,
          27,
          8,
          2,
          2,
          null,
          8,
          null,
          6,
          null,
          6,
          null,
          null,
          8,
          15,
          8,
          13,
          13,
          9,
          11,
          null
        ]
      },
      "/Users/kyleswaffield/sei/rspec/contact/lib/phone_call.rb": {
        "lines": [
          1,
          null,
          1,
          1,
          null,
          1,
          14,
          14,
          null,
          null,
          1,
          20,
          1,
          null,
          19,
          19,
          19,
          19,
          null,
          9,
          null,
          7,
          7,
          null,
          2,
          null,
          null,
          6,
          null,
          4,
          4,
          4,
          null,
          1,
          1,
          1,
          1,
          null,
          1,
          null,
          null,
          4,
          null,
          1,
          1,
          1,
          null,
          2,
          2,
          2,
          null,
          1,
          null,
          null,
          15,
          15,
          null,
          null
        ]
      },
      "/Users/kyleswaffield/sei/rspec/contact/lib/contact.rb": {
        "lines": [
          1,
          1,
          null,
          1,
          23,
          23,
          23,
          23,
          23,
          null,
          null,
          1,
          25,
          1,
          null,
          24,
          24,
          null,
          null,
          1,
          1,
          1,
          null,
          null,
          1,
          6,
          null,
          null,
          1,
          5,
          null,
          null
        ]
      },
      "/Users/kyleswaffield/sei/rspec/contact/spec/button_row_spec.rb": {
        "lines": [
          1,
          1,
          null,
          1,
          1,
          null,
          2,
          2,
          null
        ]
      },
      "/Users/kyleswaffield/sei/rspec/contact/lib/button_row.rb": {
        "lines": [
          1,
          null,
          1,
          1,
          1,
          22,
          null,
          null,
          1,
          22,
          22,
          22,
          22,
          22,
          22,
          22,
          null,
          null
        ]
      },
      "/Users/kyleswaffield/sei/rspec/contact/spec/button_spec.rb": {
        "lines": [
          1,
          1,
          1,
          1,
          null,
          1,
          1,
          3,
          null,
          2,
          2,
          null
        ]
      },
      "/Users/kyleswaffield/sei/rspec/contact/spec/close_spec.rb": {
        "lines": [
          1,
          1,
          1,
          null,
          1,
          1,
          null,
          4,
          2,
          2,
          null,
          1,
          1,
          null,
          null
        ]
      },
      "/Users/kyleswaffield/sei/rspec/contact/lib/close.rb": {
        "lines": [
          1,
          1,
          6,
          0,
          null,
          null,
          null,
          1,
          1,
          1,
          1,
          1,
          null,
          null
        ]
      },
      "/Users/kyleswaffield/sei/rspec/contact/spec/contact_spec.rb": {
        "lines": [
          1,
          null,
          1,
          10,
          null,
          2,
          2,
          2,
          2,
          2,
          null,
          1,
          1,
          1,
          null,
          null,
          1,
          1,
          1,
          1,
          null,
          null,
          1,
          1,
          1,
          1,
          null,
          null,
          1,
          1,
          2,
          null,
          null
        ]
      },
      "/Users/kyleswaffield/sei/rspec/contact/spec/dial_pad_spec.rb": {
        "lines": [
          1,
          1,
          1,
          null,
          1,
          1,
          7,
          null,
          2,
          2,
          2,
          2,
          2,
          2,
          null
        ]
      },
      "/Users/kyleswaffield/sei/rspec/contact/lib/dial_pad.rb": {
        "lines": [
          1,
          1,
          1,
          1,
          1,
          null,
          1,
          1,
          6,
          6,
          6,
          6,
          6,
          6,
          6,
          null,
          null,
          1,
          6,
          6,
          6,
          null,
          null,
          null,
          null,
          1,
          6,
          6,
          6,
          6,
          6,
          null,
          6,
          6,
          null,
          null,
          1,
          6,
          null,
          null,
          null,
          null,
          1,
          6,
          null,
          null,
          1,
          6,
          null,
          null,
          1,
          6,
          6,
          null,
          null
        ]
      },
      "/Users/kyleswaffield/sei/rspec/contact/lib/number_pad.rb": {
        "lines": [
          1,
          1,
          1,
          1,
          null,
          1,
          1,
          7,
          7,
          7,
          null,
          null,
          1,
          7,
          7,
          null,
          7,
          21,
          21,
          21,
          0,
          null,
          21,
          0,
          null,
          21,
          0,
          null,
          null,
          7,
          7,
          0,
          null,
          7,
          0,
          null,
          7,
          0,
          null,
          null,
          7,
          null,
          null
        ]
      },
      "/Users/kyleswaffield/sei/rspec/contact/lib/button_control_row.rb": {
        "lines": [
          1,
          null,
          1,
          1,
          7,
          null,
          null,
          1,
          7,
          7,
          7,
          7,
          7,
          null,
          null
        ]
      },
      "/Users/kyleswaffield/sei/rspec/contact/lib/events.rb": {
        "lines": [
          1,
          null,
          1,
          2,
          2,
          2,
          2,
          2,
          null,
          2,
          1,
          1,
          1,
          null,
          1,
          1,
          1,
          null,
          null,
          null,
          1,
          8,
          8,
          8,
          7,
          7,
          7,
          null,
          1,
          1,
          1,
          null,
          null,
          null,
          1,
          1,
          null,
          null,
          1,
          1,
          1,
          1,
          1,
          1,
          null,
          null,
          1,
          6,
          6,
          6,
          null,
          null
        ]
      },
      "/Users/kyleswaffield/sei/rspec/contact/lib/entry.rb": {
        "lines": [
          1,
          1,
          null,
          1,
          1,
          null,
          1,
          9,
          9,
          9,
          null,
          null,
          1,
          9,
          9,
          9,
          9,
          9,
          9,
          9,
          9,
          9,
          9,
          9,
          null,
          9,
          9,
          null,
          9,
          0,
          null,
          9,
          0,
          null,
          null,
          null,
          1,
          9,
          9,
          9,
          9,
          9,
          9,
          null,
          null,
          1,
          9,
          0,
          null,
          null,
          null
        ]
      },
      "/Users/kyleswaffield/sei/rspec/contact/lib/main_window.rb": {
        "lines": [
          1,
          1,
          null,
          1,
          9,
          9,
          9,
          null,
          null,
          1,
          9,
          null,
          null,
          1,
          9,
          null,
          null,
          1,
          9,
          null,
          null
        ]
      },
      "/Users/kyleswaffield/sei/rspec/contact/spec/entry_spec.rb": {
        "lines": [
          1,
          1,
          null,
          1,
          1,
          4,
          null,
          2,
          2,
          2,
          null
        ]
      },
      "/Users/kyleswaffield/sei/rspec/contact/spec/events_spec.rb": {
        "lines": [
          1,
          1,
          null,
          1,
          null,
          1,
          1,
          1,
          1,
          null,
          null,
          1,
          1,
          null,
          null,
          1,
          1,
          null,
          null,
          null,
          1,
          1,
          1,
          1,
          null,
          null,
          1,
          1,
          null,
          null,
          1,
          1,
          null,
          null,
          null,
          1,
          1,
          1,
          1,
          1,
          null,
          null,
          null,
          1,
          1,
          1,
          1,
          1,
          null,
          null,
          null
        ]
      },
      "/Users/kyleswaffield/sei/rspec/contact/spec/main_window_spec.rb": {
        "lines": [
          1,
          1,
          1,
          null,
          1,
          1,
          null,
          4,
          null,
          2,
          2,
          2,
          null
        ]
      },
      "/Users/kyleswaffield/sei/rspec/contact/spec/number_pad_spec.rb": {
        "lines": [
          1,
          null,
          1,
          1,
          null,
          2,
          2,
          null
        ]
      },
      "/Users/kyleswaffield/sei/rspec/contact/spec/phone_call_spec.rb": {
        "lines": [
          1,
          null,
          1,
          15,
          null,
          2,
          null,
          2,
          2,
          2,
          2,
          null,
          2,
          2,
          null,
          1,
          1,
          null,
          null,
          1,
          1,
          1,
          1,
          1,
          1,
          1,
          1,
          null,
          null,
          1,
          1,
          1,
          1,
          1,
          1,
          1,
          1,
          null,
          null,
          1,
          1,
          1,
          1,
          2,
          null,
          null,
          1,
          1,
          1,
          1,
          2,
          null,
          null,
          1,
          1,
          1,
          1,
          1,
          1,
          null,
          null,
          1,
          1,
          2,
          2,
          1,
          1,
          2,
          null,
          null
        ]
      }
    },
    "timestamp": 1662503503
  }
}
